<?xml version="1.0" encoding="UTF-8"?>
<!-- Generated by org.testng.reporters.JUnitReportReporter -->
<testsuite hostname="DESKTOP-5RN11MV" failures="0" tests="10" name="com.tutorialninja.utomation.runner.TestNGRunner" time="37.260" errors="0" timestamp="2023-01-22T22:48:33 IST" skipped="0">
  <testcase classname="com.tutorialninja.utomation.runner.TestNGRunner" name="runScenario" time="3.719"/>
  <system-out/>
  <testcase classname="com.tutorialninja.utomation.runner.TestNGRunner" name="runScenario" time="3.796"/>
  <system-out/>
  <testcase classname="com.tutorialninja.utomation.runner.TestNGRunner" name="runScenario" time="2.846"/>
  <system-out/>
  <testcase classname="com.tutorialninja.utomation.runner.TestNGRunner" name="runScenario" time="3.738"/>
  <system-out/>
  <testcase classname="com.tutorialninja.utomation.runner.TestNGRunner" name="runScenario" time="3.894"/>
  <system-out/>
  <testcase classname="com.tutorialninja.utomation.runner.TestNGRunner" name="runScenario" time="2.836"/>
  <system-out/>
  <testcase classname="com.tutorialninja.utomation.runner.TestNGRunner" name="runScenario" time="3.864"/>
  <system-out/>
  <testcase classname="com.tutorialninja.utomation.runner.TestNGRunner" name="runScenario" time="3.286"/>
  <system-out/>
  <testcase classname="com.tutorialninja.utomation.runner.TestNGRunner" name="runScenario" time="6.026"/>
  <system-out/>
  <testcase classname="com.tutorialninja.utomation.runner.TestNGRunner" name="runScenario" time="3.255"/>
  <system-out/>
</testsuite> <!-- com.tutorialninja.utomation.runner.TestNGRunner -->
