<?xml version="1.0" encoding="UTF-8"?>
<!-- Generated by org.testng.reporters.JUnitReportReporter -->
<testsuite hostname="DESKTOP-5RN11MV" failures="0" tests="8" name="com.tutorialninja.utomation.runner.TestNGRunner" time="30.897" errors="0" timestamp="2023-01-21T17:38:18 IST" skipped="0">
  <testcase classname="com.tutorialninja.utomation.runner.TestNGRunner" name="runScenario" time="3.255"/>
  <system-out/>
  <testcase classname="com.tutorialninja.utomation.runner.TestNGRunner" name="runScenario" time="6.717"/>
  <system-out/>
  <testcase classname="com.tutorialninja.utomation.runner.TestNGRunner" name="runScenario" time="4.562"/>
  <system-out/>
  <testcase classname="com.tutorialninja.utomation.runner.TestNGRunner" name="runScenario" time="2.801"/>
  <system-out/>
  <testcase classname="com.tutorialninja.utomation.runner.TestNGRunner" name="runScenario" time="3.458"/>
  <system-out/>
  <testcase classname="com.tutorialninja.utomation.runner.TestNGRunner" name="runScenario" time="2.930"/>
  <system-out/>
  <testcase classname="com.tutorialninja.utomation.runner.TestNGRunner" name="runScenario" time="3.520"/>
  <system-out/>
  <testcase classname="com.tutorialninja.utomation.runner.TestNGRunner" name="runScenario" time="3.654"/>
  <system-out/>
</testsuite> <!-- com.tutorialninja.utomation.runner.TestNGRunner -->
