<?xml version="1.0" encoding="UTF-8"?>
<!-- Generated by org.testng.reporters.JUnitReportReporter -->
<testsuite hostname="DESKTOP-5RN11MV" failures="0" tests="4" name="com.tutorialninja.utomation.runner.TestNGRunner" time="17.302" errors="0" timestamp="2023-01-21T15:10:25 IST" skipped="0">
  <testcase classname="com.tutorialninja.utomation.runner.TestNGRunner" name="runScenario" time="4.169"/>
  <system-out/>
  <testcase classname="com.tutorialninja.utomation.runner.TestNGRunner" name="runScenario" time="3.877"/>
  <system-out/>
  <testcase classname="com.tutorialninja.utomation.runner.TestNGRunner" name="runScenario" time="3.242"/>
  <system-out/>
  <testcase classname="com.tutorialninja.utomation.runner.TestNGRunner" name="runScenario" time="6.014"/>
  <system-out/>
</testsuite> <!-- com.tutorialninja.utomation.runner.TestNGRunner -->
