<?xml version="1.0" encoding="UTF-8"?>
<!-- Generated by org.testng.reporters.JUnitReportReporter -->
<testsuite hostname="DESKTOP-5RN11MV" failures="0" tests="10" name="com.tutorialninja.utomation.runner.TestNGRunner" time="37.317" errors="0" timestamp="2023-01-23T10:15:35 IST" skipped="0">
  <testcase classname="com.tutorialninja.utomation.runner.TestNGRunner" name="runScenario" time="3.633"/>
  <system-out/>
  <testcase classname="com.tutorialninja.utomation.runner.TestNGRunner" name="runScenario" time="3.312"/>
  <system-out/>
  <testcase classname="com.tutorialninja.utomation.runner.TestNGRunner" name="runScenario" time="3.118"/>
  <system-out/>
  <testcase classname="com.tutorialninja.utomation.runner.TestNGRunner" name="runScenario" time="3.508"/>
  <system-out/>
  <testcase classname="com.tutorialninja.utomation.runner.TestNGRunner" name="runScenario" time="3.755"/>
  <system-out/>
  <testcase classname="com.tutorialninja.utomation.runner.TestNGRunner" name="runScenario" time="2.488"/>
  <system-out/>
  <testcase classname="com.tutorialninja.utomation.runner.TestNGRunner" name="runScenario" time="8.148"/>
  <system-out/>
  <testcase classname="com.tutorialninja.utomation.runner.TestNGRunner" name="runScenario" time="3.080"/>
  <system-out/>
  <testcase classname="com.tutorialninja.utomation.runner.TestNGRunner" name="runScenario" time="3.748"/>
  <system-out/>
  <testcase classname="com.tutorialninja.utomation.runner.TestNGRunner" name="runScenario" time="2.527"/>
  <system-out/>
</testsuite> <!-- com.tutorialninja.utomation.runner.TestNGRunner -->
